# JRE version: Java(TM) SE Runtime Environment (8.0_191-b12) (build 1.8.0_191-b12)
# Java VM: Java HotSpot(TM) Client VM (25.191-b12 mixed mode windows-x86 )
Heap:
 def new generation   total 76800K, used 31093K [0x04c00000, 0x09f50000, 0x0a150000)
  eden space 68288K,  41% used [0x04c00000, 0x067938b8, 0x08eb0000)
  from space 8512K,  33% used [0x08eb0000, 0x09179d40, 0x09700000)
  to   space 8512K,   0% used [0x09700000, 0x09700000, 0x09f50000)
 tenured generation   total 170584K, used 113082K [0x0a150000, 0x147e6000, 0x14c00000)
   the space 170584K,  66% used [0x0a150000, 0x10fbea78, 0x10fbec00, 0x147e6000)
 Metaspace       used 25109K, capacity 26108K, committed 26240K, reserved 27008K
GC Heap History (10 events):
Event: 11.300 GC heap before
{Heap before GC invocations=201 (full 8):
 def new generation   total 76800K, used 68862K [0x04c00000, 0x09f50000, 0x0a150000)
  eden space 68288K, 100% used [0x04c00000, 0x08eb0000, 0x08eb0000)
  from space 8512K,   6% used [0x09700000, 0x0978f948, 0x09f50000)
  to   space 8512K,   0% used [0x08eb0000, 0x08eb0000, 0x09700000)
 tenured generation   total 170584K, used 113082K [0x0a150000, 0x147e6000, 0x14c00000)
   the space 170584K,  66% used [0x0a150000, 0x10fbea78, 0x10fbec00, 0x147e6000)
 Metaspace       used 24068K, capacity 25050K, committed 25216K, reserved 25984K
Event: 11.302 GC heap after
Heap after GC invocations=202 (full 8):
 def new generation   total 76800K, used 788K [0x04c00000, 0x09f50000, 0x0a150000)
  eden space 68288K,   0% used [0x04c00000, 0x04c00000, 0x08eb0000)
  from space 8512K,   9% used [0x08eb0000, 0x08f75390, 0x09700000)
  to   space 8512K,   0% used [0x09700000, 0x09700000, 0x09f50000)
 tenured generation   total 170584K, used 113082K [0x0a150000, 0x147e6000, 0x14c00000)
   the space 170584K,  66% used [0x0a150000, 0x10fbea78, 0x10fbec00, 0x147e6000)
 Metaspace       used 24068K, capacity 25050K, committed 25216K, reserved 25984K
}
Event: 18.186 GC heap before
{Heap before GC invocations=202 (full 8):
 def new generation   total 76800K, used 69076K [0x04c00000, 0x09f50000, 0x0a150000)
  eden space 68288K, 100% used [0x04c00000, 0x08eb0000, 0x08eb0000)
  from space 8512K,   9% used [0x08eb0000, 0x08f75390, 0x09700000)
  to   space 8512K,   0% used [0x09700000, 0x09700000, 0x09f50000)
 tenured generation   total 170584K, used 113082K [0x0a150000, 0x147e6000, 0x14c00000)
   the space 170584K,  66% used [0x0a150000, 0x10fbea78, 0x10fbec00, 0x147e6000)
 Metaspace       used 24497K, capacity 25530K, committed 25728K, reserved 25984K
Event: 18.191 GC heap after
Heap after GC invocations=203 (full 8):
 def new generation   total 76800K, used 1468K [0x04c00000, 0x09f50000, 0x0a150000)
  eden space 68288K,   0% used [0x04c00000, 0x04c00000, 0x08eb0000)
  from space 8512K,  17% used [0x09700000, 0x0986f3e0, 0x09f50000)
  to   space 8512K,   0% used [0x08eb0000, 0x08eb0000, 0x09700000)
 tenured generation   total 170584K, used 113082K [0x0a150000, 0x147e6000, 0x14c00000)
   the space 170584K,  66% used [0x0a150000, 0x10fbea78, 0x10fbec00, 0x147e6000)
 Metaspace       used 24497K, capacity 25530K, committed 25728K, reserved 25984K
}
Event: 20.444 GC heap before
{Heap before GC invocations=203 (full 8):
 def new generation   total 76800K, used 69756K [0x04c00000, 0x09f50000, 0x0a150000)
  eden space 68288K, 100% used [0x04c00000, 0x08eb0000, 0x08eb0000)
  from space 8512K,  17% used [0x09700000, 0x0986f3e0, 0x09f50000)
  to   space 8512K,   0% used [0x08eb0000, 0x08eb0000, 0x09700000)
 tenured generation   total 170584K, used 113082K [0x0a150000, 0x147e6000, 0x14c00000)
   the space 170584K,  66% used [0x0a150000, 0x10fbea78, 0x10fbec00, 0x147e6000)
 Metaspace       used 24922K, capacity 25916K, committed 26112K, reserved 27008K
Event: 20.450 GC heap after
Heap after GC invocations=204 (full 8):
 def new generation   total 76800K, used 2953K [0x04c00000, 0x09f50000, 0x0a150000)
  eden space 68288K,   0% used [0x04c00000, 0x04c00000, 0x08eb0000)
  from space 8512K,  34% used [0x08eb0000, 0x091927c8, 0x09700000)
  to   space 8512K,   0% used [0x09700000, 0x09700000, 0x09f50000)
 tenured generation   total 170584K, used 113082K [0x0a150000, 0x147e6000, 0x14c00000)
   the space 170584K,  66% used [0x0a150000, 0x10fbea78, 0x10fbec00, 0x147e6000)
 Metaspace       used 24922K, capacity 25916K, committed 26112K, reserved 27008K
}
Event: 225.211 GC heap before
{Heap before GC invocations=204 (full 8):
 def new generation   total 76800K, used 71241K [0x04c00000, 0x09f50000, 0x0a150000)
  eden space 68288K, 100% used [0x04c00000, 0x08eb0000, 0x08eb0000)
  from space 8512K,  34% used [0x08eb0000, 0x091927c8, 0x09700000)
  to   space 8512K,   0% used [0x09700000, 0x09700000, 0x09f50000)
 tenured generation   total 170584K, used 113082K [0x0a150000, 0x147e6000, 0x14c00000)
   the space 170584K,  66% used [0x0a150000, 0x10fbea78, 0x10fbec00, 0x147e6000)
 Metaspace       used 25021K, capacity 26012K, committed 26240K, reserved 27008K
Event: 225.220 GC heap after
Heap after GC invocations=205 (full 8):
 def new generation   total 76800K, used 2927K [0x04c00000, 0x09f50000, 0x0a150000)
  eden space 68288K,   0% used [0x04c00000, 0x04c00000, 0x08eb0000)
  from space 8512K,  34% used [0x09700000, 0x099dbe20, 0x09f50000)
  to   space 8512K,   0% used [0x08eb0000, 0x08eb0000, 0x09700000)
 tenured generation   total 170584K, used 113082K [0x0a150000, 0x147e6000, 0x14c00000)
   the space 170584K,  66% used [0x0a150000, 0x10fbea78, 0x10fbec00, 0x147e6000)
 Metaspace       used 25021K, capacity 26012K, committed 26240K, reserved 27008K
}
Event: 245.865 GC heap before
{Heap before GC invocations=205 (full 8):
 def new generation   total 76800K, used 71215K [0x04c00000, 0x09f50000, 0x0a150000)
  eden space 68288K, 100% used [0x04c00000, 0x08eb0000, 0x08eb0000)
  from space 8512K,  34% used [0x09700000, 0x099dbe20, 0x09f50000)
  to   space 8512K,   0% used [0x08eb0000, 0x08eb0000, 0x09700000)
 tenured generation   total 170584K, used 113082K [0x0a150000, 0x147e6000, 0x14c00000)
   the space 170584K,  66% used [0x0a150000, 0x10fbea78, 0x10fbec00, 0x147e6000)
 Metaspace       used 25021K, capacity 26012K, committed 26240K, reserved 27008K
Event: 245.871 GC heap after
Heap after GC invocations=206 (full 8):
 def new generation   total 76800K, used 2855K [0x04c00000, 0x09f50000, 0x0a150000)
  eden space 68288K,   0% used [0x04c00000, 0x04c00000, 0x08eb0000)
  from space 8512K,  33% used [0x08eb0000, 0x09179d40, 0x09700000)
  to   space 8512K,   0% used [0x09700000, 0x09700000, 0x09f50000)
 tenured generation   total 170584K, used 113082K [0x0a150000, 0x147e6000, 0x14c00000)
   the space 170584K,  66% used [0x0a150000, 0x10fbea78, 0x10fbec00, 0x147e6000)
 Metaspace       used 25021K, capacity 26012K, committed 26240K, reserved 27008K
}

